0 info it worked if it ends with ok
1 verbose cli [ 'D:\\install\\nodejs\\node.exe',
1 verbose cli   'D:\\install\\nodejs\\node_modules\\npm\\bin\\npm-cli.js',
1 verbose cli   'run',
1 verbose cli   'start' ]
2 info using npm@3.10.10
3 info using node@v6.11.4
4 verbose run-script [ 'prestart', 'start', 'poststart' ]
5 info lifecycle express.io@0.0.0~prestart: express.io@0.0.0
6 silly lifecycle express.io@0.0.0~prestart: no script for prestart, continuing
7 info lifecycle express.io@0.0.0~start: express.io@0.0.0
8 verbose lifecycle express.io@0.0.0~start: unsafe-perm in lifecycle true
9 verbose lifecycle express.io@0.0.0~start: PATH: D:\install\nodejs\node_modules\npm\bin\node-gyp-bin;D:\workspace\express.io\node_modules\.bin;D:\software\cmder\bin;D:\software\cmder\vendor\conemu-maximus5\ConEmu\Scripts;D:\software\cmder\vendor\conemu-maximus5;D:\software\cmder\vendor\conemu-maximus5\ConEmu;C:\Program Files (x86)\Intel\iCLS Client\;C:\Program Files\Intel\iCLS Client\;C:\Windows\system32;C:\Windows;C:\Windows\System32\Wbem;C:\Windows\System32\WindowsPowerShell\v1.0\;C:\Program Files (x86)\Intel\Intel(R) Management Engine Components\DAL;C:\Program Files\Intel\Intel(R) Management Engine Components\DAL;C:\Program Files (x86)\Intel\Intel(R) Management Engine Components\IPT;C:\Program Files\Intel\Intel(R) Management Engine Components\IPT;C:\Program Files\Intel\WiFi\bin\;C:\Program Files\Common Files\Intel\WirelessCommon\;D:\install\nodejs\;D:\install\nodejs\node_global;D:\install\nodejs\node_global\node_modules\express;D:\install\nodejs\node_global\node_modules\express-generator;D:\install\Git\cmd;D:\software\cmder;C:\Program Files\TortoiseGit\bin;D:\install\nodejs\node_global;C:\Users\wenji\AppData\Local\atom\bin;C:\Program Files\Microsoft VS Code\bin;D:\install\Git\usr\bin;D:\install\Git\usr\share\vim\vim74;D:\software\cmder\
10 verbose lifecycle express.io@0.0.0~start: CWD: D:\workspace\express.io
11 silly lifecycle express.io@0.0.0~start: Args: [ '/d /s /c', 'nodemon ./bin/www' ]
12 verbose stack Error: kill ENOSYS
12 verbose stack     at Object.exports._errnoException (util.js:1020:11)
12 verbose stack     at process.kill (internal/process.js:191:18)
12 verbose stack     at process.listener (D:\install\nodejs\node_modules\npm\node_modules\npmlog\node_modules\gauge\node_modules\signal-exit\index.js:86:15)
12 verbose stack     at emitNone (events.js:91:20)
12 verbose stack     at process.emit (events.js:185:7)
12 verbose stack     at processEmit (D:\install\nodejs\node_modules\npm\node_modules\npmlog\node_modules\gauge\node_modules\signal-exit\index.js:146:32)
12 verbose stack     at processEmit (D:\install\nodejs\node_modules\npm\node_modules\npm-registry-client\node_modules\npmlog\node_modules\gauge\node_modules\signal-exit\index.js:146:32)
12 verbose stack     at Signal.wrap.onsignal (internal/process.js:217:44)
13 verbose cwd D:\workspace\express.io
14 error Windows_NT 10.0.15063
15 error argv "D:\\install\\nodejs\\node.exe" "D:\\install\\nodejs\\node_modules\\npm\\bin\\npm-cli.js" "run" "start"
16 error node v6.11.4
17 error npm  v3.10.10
18 error code ENOSYS
19 error errno ENOSYS
20 error syscall kill
21 error kill ENOSYS
22 error If you need help, you may report this error at:
22 error     <https://github.com/npm/npm/issues>
23 verbose exit [ 1, true ]
